<?xml version="1.0" encoding="utf-8"?>
<!DOCTYPE hibernate-configuration PUBLIC
        "-//Hibernate/Hibernate Configuration DTD 3.0//EN"
        "http://hibernate.sourceforge.net/hibernate-configuration-3.0.dtd">

<hibernate-configuration>
    <session-factory>
        <mapping resource="HTML5FormTag.hbm.xml" />
        <mapping resource="HTML5XForm.hbm.xml" />
        <mapping resource="HTML5Form.hbm.xml" />
        <mapping resource="Xform.hbm.xml" />
    </session-factory>
</hibernate-configuration>
